<?xml version="1.0" encoding="UTF-8"?>
<response>
<lst name="responseHeader"><bool name="zkConnected">true</bool><int name="status">0</int><int name="QTime">16</int><lst name="params"><str name="q">led</str><str name="wt">xml</str></lst></lst><result name="response" numFound="1" start="0" maxScore="1.1953845"><doc><str name="id">MA147LL/A</str><arr name="name"><str>Apple 60 GB iPod with Video Playback Black</str></arr><arr name="manu"><str>Apple Computer Inc.</str></arr><str name="manu_id_s">apple</str><arr name="cat"><str>electronics</str><str>music</str></arr><arr name="features"><str>iTunes, Podcasts, Audiobooks</str><str>Stores up to 15,000 songs, 25,000 photos, or 150 hours of video</str><str>2.5-inch, 320x240 color TFT LCD display with LED backlight</str><str>Up to 20 hours of battery life</str><str>Plays AAC, MP3, WAV, AIFF, Audible, Apple Lossless, H.264 video</str><str>Notes, Calendar, Phone book, Hold button, Date display, Photo wallet, Built-in games, JPEG photo playback, Upgradeable firmware, USB 2.0 compatibility, Playback speed control, Rechargeable capability, Battery level indication</str></arr><arr name="includes"><str>earbud headphones, USB cable</str></arr><arr name="weight"><double>5.5</double></arr><arr name="price"><double>399.0</double></arr><arr name="popularity"><long>10</long></arr><arr name="inStock"><bool>true</bool></arr><arr name="store"><str>37.7752,-100.0232</str></arr><date name="manufacturedate_dt">2005-10-12T08:00:00Z</date><long name="_version_">1549176767499993088</long><float name="score">1.1953845</float></doc></result><lst name="facet_counts"><lst name="facet_queries"/><lst name="facet_fields"/><lst name="facet_ranges"/><lst name="facet_intervals"/><lst name="facet_heatmaps"/></lst>
</response>